DEBUG 2026-05-16 19:53:54,962 signals Connected permission cache signals for Role
DEBUG 2026-05-16 19:53:54,963 signals Connected permission cache signals for RolePermission
DEBUG 2026-05-16 19:53:54,965 apps Connected audit signals to 22 models
DEBUG 2026-05-16 19:53:56,230 signals Connected permission cache signals for Role
DEBUG 2026-05-16 19:53:56,230 signals Connected permission cache signals for RolePermission
DEBUG 2026-05-16 19:53:56,236 apps Connected audit signals to 22 models
INFO 2026-05-16 19:53:56,244 autoreload Watching for file changes with StatReloader
System check identified some issues:

WARNINGS:
?: (urls.W005) URL namespace 'audit' isn't unique. You may not be able to reverse all URLs in this namespace

System check identified 1 issue (0 silenced).
INFO 2026-05-16 19:53:56,800 cache PermissionCache: Redis connection established
INFO 2026-05-16 19:59:53,403 basehttp "OPTIONS /api/v1/actors/? HTTP/1.1" 200 0
DEBUG 2026-05-16 19:59:53,415 request_local process_view: request.user=AnonymousUser, is_authenticated=False
DEBUG 2026-05-16 19:59:53,417 request_local process_view: drf_user=None
DEBUG 2026-05-16 19:59:53,417 middleware process_view: fallback to Django user=AnonymousUser
DEBUG 2026-05-16 19:59:53,421 request_local process_view: request.user=AnonymousUser, is_authenticated=False
DEBUG 2026-05-16 19:59:53,421 request_local process_view: drf_user=None
DEBUG 2026-05-16 19:59:53,421 middleware process_view: fallback to Django user=AnonymousUser
WARNING 2026-05-16 19:59:53,423 log Unauthorized: /api/v1/menus/all/
WARNING 2026-05-16 19:59:53,423 log Unauthorized: /api/v1/notifications/
DEBUG 2026-05-16 19:59:53,424 request_local process_view: request.user=AnonymousUser, is_authenticated=False
DEBUG 2026-05-16 19:59:53,424 request_local process_view: drf_user=None
DEBUG 2026-05-16 19:59:53,425 middleware process_view: fallback to Django user=AnonymousUser
WARNING 2026-05-16 19:59:53,425 basehttp "GET /api/v1/menus/all/ HTTP/1.1" 401 58
WARNING 2026-05-16 19:59:53,426 basehttp "GET /api/v1/notifications/?is_read=false HTTP/1.1" 401 58
WARNING 2026-05-16 19:59:53,426 log Unauthorized: /api/v1/actors/
WARNING 2026-05-16 19:59:53,427 basehttp "GET /api/v1/actors/? HTTP/1.1" 401 172
DEBUG 2026-05-16 19:59:53,434 request_local process_view: request.user=AnonymousUser, is_authenticated=False
DEBUG 2026-05-16 19:59:53,435 request_local process_view: drf_user=None
DEBUG 2026-05-16 19:59:53,435 middleware process_view: fallback to Django user=AnonymousUser
DEBUG 2026-05-16 19:59:53,436 request_local process_view: request.user=AnonymousUser, is_authenticated=False
DEBUG 2026-05-16 19:59:53,437 request_local process_view: drf_user=None
DEBUG 2026-05-16 19:59:53,437 middleware process_view: fallback to Django user=AnonymousUser
/home/tardis/.pyenv/versions/3.11.15/lib/python3.11/site-packages/jwt/api_jwt.py:365: InsecureKeyLengthWarning: The HMAC key is 20 bytes long, which is below the minimum recommended length of 32 bytes for SHA256. See RFC 7518 Section 3.2.
  decoded = self.decode_complete(
/home/tardis/.pyenv/versions/3.11.15/lib/python3.11/site-packages/jwt/api_jwt.py:147: InsecureKeyLengthWarning: The HMAC key is 20 bytes long, which is below the minimum recommended length of 32 bytes for SHA256. See RFC 7518 Section 3.2.
  return self._jws.encode(
DEBUG 2026-05-16 19:59:53,484 signals Connected audit signals for BlacklistedToken
DEBUG 2026-05-16 19:59:53,495 signals Connected audit signals for OutstandingToken
INFO 2026-05-16 19:59:53,500 basehttp "POST /api/v1/auth/refresh/ HTTP/1.1" 200 553
INFO 2026-05-16 19:59:53,519 basehttp "POST /api/v1/auth/refresh/ HTTP/1.1" 200 553
DEBUG 2026-05-16 19:59:53,520 request_local process_view: request.user=AnonymousUser, is_authenticated=False
DEBUG 2026-05-16 19:59:53,520 request_local process_view: drf_user=None
DEBUG 2026-05-16 19:59:53,520 middleware process_view: fallback to Django user=AnonymousUser
DEBUG 2026-05-16 19:59:53,548 request_local process_view: request.user=AnonymousUser, is_authenticated=False
DEBUG 2026-05-16 19:59:53,548 request_local process_view: drf_user=None
DEBUG 2026-05-16 19:59:53,548 middleware process_view: fallback to Django user=AnonymousUser
INFO 2026-05-16 19:59:53,567 basehttp "GET /api/v1/notifications/?is_read=false HTTP/1.1" 200 2
INFO 2026-05-16 19:59:53,688 basehttp "GET /api/v1/menus/all/ HTTP/1.1" 200 2775
DEBUG 2026-05-16 19:59:54,442 request_local process_view: request.user=AnonymousUser, is_authenticated=False
DEBUG 2026-05-16 19:59:54,442 request_local process_view: drf_user=None
DEBUG 2026-05-16 19:59:54,442 middleware process_view: fallback to Django user=AnonymousUser
INFO 2026-05-16 19:59:54,516 basehttp "GET /api/v1/actors/? HTTP/1.1" 200 4271
INFO 2026-05-16 19:59:54,521 basehttp "OPTIONS /api/v1/actors/?page=2 HTTP/1.1" 200 0
DEBUG 2026-05-16 19:59:54,525 request_local process_view: request.user=AnonymousUser, is_authenticated=False
DEBUG 2026-05-16 19:59:54,525 request_local process_view: drf_user=None
DEBUG 2026-05-16 19:59:54,525 middleware process_view: fallback to Django user=AnonymousUser
INFO 2026-05-16 19:59:54,580 basehttp "GET /api/v1/actors/?page=2 HTTP/1.1" 200 4471
INFO 2026-05-16 19:59:54,588 basehttp "OPTIONS /api/v1/actors/?page=3 HTTP/1.1" 200 0
DEBUG 2026-05-16 19:59:54,593 request_local process_view: request.user=AnonymousUser, is_authenticated=False
DEBUG 2026-05-16 19:59:54,593 request_local process_view: drf_user=None
DEBUG 2026-05-16 19:59:54,593 middleware process_view: fallback to Django user=AnonymousUser
INFO 2026-05-16 19:59:54,679 basehttp "GET /api/v1/actors/?page=3 HTTP/1.1" 200 4515
INFO 2026-05-16 19:59:54,685 basehttp "OPTIONS /api/v1/actors/?page=4 HTTP/1.1" 200 0
DEBUG 2026-05-16 19:59:54,689 request_local process_view: request.user=AnonymousUser, is_authenticated=False
DEBUG 2026-05-16 19:59:54,689 request_local process_view: drf_user=None
DEBUG 2026-05-16 19:59:54,689 middleware process_view: fallback to Django user=AnonymousUser
INFO 2026-05-16 19:59:54,777 basehttp "GET /api/v1/actors/?page=4 HTTP/1.1" 200 4401
INFO 2026-05-16 19:59:54,781 basehttp "OPTIONS /api/v1/actors/?page=5 HTTP/1.1" 200 0
DEBUG 2026-05-16 19:59:54,793 request_local process_view: request.user=AnonymousUser, is_authenticated=False
DEBUG 2026-05-16 19:59:54,793 request_local process_view: drf_user=None
DEBUG 2026-05-16 19:59:54,793 middleware process_view: fallback to Django user=AnonymousUser
INFO 2026-05-16 19:59:54,861 basehttp "GET /api/v1/actors/?page=5 HTTP/1.1" 200 2583
DEBUG 2026-05-16 20:00:00,341 request_local process_view: request.user=AnonymousUser, is_authenticated=False
DEBUG 2026-05-16 20:00:00,341 request_local process_view: drf_user=None
DEBUG 2026-05-16 20:00:00,341 middleware process_view: fallback to Django user=AnonymousUser
DEBUG 2026-05-16 20:00:00,348 request_local process_view: request.user=AnonymousUser, is_authenticated=False
DEBUG 2026-05-16 20:00:00,348 request_local process_view: drf_user=None
DEBUG 2026-05-16 20:00:00,348 middleware process_view: fallback to Django user=AnonymousUser
INFO 2026-05-16 20:00:00,354 basehttp "GET /api/v1/dispatch/records/proposed/ HTTP/1.1" 200 2
INFO 2026-05-16 20:00:00,357 basehttp "GET /api/v1/dispatch/records/history/ HTTP/1.1" 200 2
INFO 2026-05-16 20:00:02,166 basehttp "OPTIONS /api/v1/dispatch/cross-tenant-judgments/ HTTP/1.1" 200 0
DEBUG 2026-05-16 20:00:02,172 request_local process_view: request.user=AnonymousUser, is_authenticated=False
DEBUG 2026-05-16 20:00:02,172 request_local process_view: drf_user=None
DEBUG 2026-05-16 20:00:02,172 middleware process_view: fallback to Django user=AnonymousUser
INFO 2026-05-16 20:00:02,178 basehttp "GET /api/v1/dispatch/cross-tenant-judgments/ HTTP/1.1" 200 2
INFO 2026-05-16 20:00:06,477 basehttp "OPTIONS /api/v1/karma/stats/overview/ HTTP/1.1" 200 0
DEBUG 2026-05-16 20:00:06,487 request_local process_view: request.user=AnonymousUser, is_authenticated=False
DEBUG 2026-05-16 20:00:06,487 request_local process_view: drf_user=None
DEBUG 2026-05-16 20:00:06,487 middleware process_view: fallback to Django user=AnonymousUser
INFO 2026-05-16 20:00:06,511 basehttp "GET /api/v1/karma/stats/overview/ HTTP/1.1" 200 2618
DEBUG 2026-05-16 20:01:15,806 request_local process_view: request.user=AnonymousUser, is_authenticated=False
DEBUG 2026-05-16 20:01:15,806 request_local process_view: drf_user=None
DEBUG 2026-05-16 20:01:15,806 middleware process_view: fallback to Django user=AnonymousUser
DEBUG 2026-05-16 20:01:15,809 request_local process_view: request.user=AnonymousUser, is_authenticated=False
DEBUG 2026-05-16 20:01:15,809 request_local process_view: drf_user=None
DEBUG 2026-05-16 20:01:15,811 middleware process_view: fallback to Django user=AnonymousUser
DEBUG 2026-05-16 20:01:15,830 request_local process_view: request.user=AnonymousUser, is_authenticated=False
DEBUG 2026-05-16 20:01:15,833 request_local process_view: drf_user=None
DEBUG 2026-05-16 20:01:15,833 middleware process_view: fallback to Django user=AnonymousUser
INFO 2026-05-16 20:01:15,865 basehttp "GET /api/v1/notifications/?is_read=false HTTP/1.1" 200 2
INFO 2026-05-16 20:01:15,935 basehttp "GET /api/v1/karma/stats/overview/ HTTP/1.1" 200 2618
INFO 2026-05-16 20:01:15,983 basehttp "GET /api/v1/menus/all/ HTTP/1.1" 200 2775
INFO 2026-05-16 20:01:46,449 basehttp "OPTIONS /api/v1/users/?page=1&search= HTTP/1.1" 200 0
DEBUG 2026-05-16 20:01:46,454 request_local process_view: request.user=AnonymousUser, is_authenticated=False
DEBUG 2026-05-16 20:01:46,454 request_local process_view: drf_user=None
DEBUG 2026-05-16 20:01:46,454 middleware process_view: fallback to Django user=AnonymousUser
INFO 2026-05-16 20:01:46,488 basehttp "GET /api/v1/users/?page=1&search= HTTP/1.1" 200 5660
INFO 2026-05-16 20:01:49,836 basehttp "OPTIONS /api/v1/auth/profile/ HTTP/1.1" 200 0
DEBUG 2026-05-16 20:01:49,840 request_local process_view: request.user=AnonymousUser, is_authenticated=False
DEBUG 2026-05-16 20:01:49,840 request_local process_view: drf_user=None
DEBUG 2026-05-16 20:01:49,840 middleware process_view: fallback to Django user=AnonymousUser
INFO 2026-05-16 20:01:49,844 basehttp "GET /api/v1/auth/profile/ HTTP/1.1" 200 190
DEBUG 2026-05-16 20:01:59,958 request_local process_view: request.user=AnonymousUser, is_authenticated=False
DEBUG 2026-05-16 20:01:59,958 request_local process_view: drf_user=None
DEBUG 2026-05-16 20:01:59,958 middleware process_view: fallback to Django user=AnonymousUser
INFO 2026-05-16 20:02:00,014 basehttp "GET /api/v1/menus/all/ HTTP/1.1" 200 2775
INFO 2026-05-16 20:02:08,229 basehttp "OPTIONS /api/v1/notifications/ HTTP/1.1" 200 0
DEBUG 2026-05-16 20:02:08,239 request_local process_view: request.user=AnonymousUser, is_authenticated=False
DEBUG 2026-05-16 20:02:08,239 request_local process_view: drf_user=None
DEBUG 2026-05-16 20:02:08,239 middleware process_view: fallback to Django user=AnonymousUser
INFO 2026-05-16 20:02:08,245 basehttp "GET /api/v1/notifications/ HTTP/1.1" 200 2
INFO 2026-05-16 20:02:12,854 basehttp "OPTIONS /api/v1/audit/?page=1&page_size=20 HTTP/1.1" 200 0
DEBUG 2026-05-16 20:02:12,861 request_local process_view: request.user=AnonymousUser, is_authenticated=False
DEBUG 2026-05-16 20:02:12,861 request_local process_view: drf_user=None
DEBUG 2026-05-16 20:02:12,861 middleware process_view: fallback to Django user=AnonymousUser
INFO 2026-05-16 20:02:12,875 basehttp "GET /api/v1/audit/?page=1&page_size=20 HTTP/1.1" 200 8530
DEBUG 2026-05-16 20:02:31,624 request_local process_view: request.user=AnonymousUser, is_authenticated=False
DEBUG 2026-05-16 20:02:31,624 request_local process_view: drf_user=None
DEBUG 2026-05-16 20:02:31,624 middleware process_view: fallback to Django user=AnonymousUser
INFO 2026-05-16 20:02:31,649 basehttp "GET /api/v1/karma/stats/overview/ HTTP/1.1" 200 2618
DEBUG 2026-05-16 20:02:31,652 request_local process_view: request.user=AnonymousUser, is_authenticated=False
DEBUG 2026-05-16 20:02:31,653 request_local process_view: drf_user=None
DEBUG 2026-05-16 20:02:31,653 middleware process_view: fallback to Django user=AnonymousUser
INFO 2026-05-16 20:02:31,674 basehttp "GET /api/v1/karma/stats/overview/ HTTP/1.1" 200 2618
INFO 2026-05-16 20:03:44,647 basehttp "OPTIONS /api/v1/perm/roles/ HTTP/1.1" 200 0
INFO 2026-05-16 20:03:44,647 basehttp "OPTIONS /api/v1/perm/permissions/ HTTP/1.1" 200 0
INFO 2026-05-16 20:03:44,649 basehttp "OPTIONS /api/v1/perm/role-permissions/?role=ADMIN HTTP/1.1" 200 0
DEBUG 2026-05-16 20:03:44,658 request_local process_view: request.user=AnonymousUser, is_authenticated=False
DEBUG 2026-05-16 20:03:44,659 request_local process_view: request.user=AnonymousUser, is_authenticated=False
DEBUG 2026-05-16 20:03:44,659 request_local process_view: drf_user=None
DEBUG 2026-05-16 20:03:44,659 request_local process_view: request.user=AnonymousUser, is_authenticated=False
DEBUG 2026-05-16 20:03:44,659 request_local process_view: drf_user=None
DEBUG 2026-05-16 20:03:44,659 middleware process_view: fallback to Django user=AnonymousUser
DEBUG 2026-05-16 20:03:44,659 request_local process_view: drf_user=None
DEBUG 2026-05-16 20:03:44,659 middleware process_view: fallback to Django user=AnonymousUser
DEBUG 2026-05-16 20:03:44,660 middleware process_view: fallback to Django user=AnonymousUser
INFO 2026-05-16 20:03:44,670 basehttp "GET /api/v1/perm/roles/ HTTP/1.1" 200 445
INFO 2026-05-16 20:03:44,670 basehttp "GET /api/v1/perm/permissions/ HTTP/1.1" 200 1800
INFO 2026-05-16 20:03:44,675 basehttp "GET /api/v1/perm/role-permissions/?role=ADMIN HTTP/1.1" 200 2208
DEBUG 2026-05-16 20:04:31,024 request_local process_view: request.user=AnonymousUser, is_authenticated=False
DEBUG 2026-05-16 20:04:31,024 request_local process_view: drf_user=None
DEBUG 2026-05-16 20:04:31,024 middleware process_view: fallback to Django user=AnonymousUser
INFO 2026-05-16 20:04:31,068 basehttp "GET /api/v1/karma/stats/overview/ HTTP/1.1" 200 2618
DEBUG 2026-05-16 20:04:31,075 request_local process_view: request.user=AnonymousUser, is_authenticated=False
DEBUG 2026-05-16 20:04:31,075 request_local process_view: drf_user=None
DEBUG 2026-05-16 20:04:31,075 middleware process_view: fallback to Django user=AnonymousUser
INFO 2026-05-16 20:04:31,111 basehttp "GET /api/v1/karma/stats/overview/ HTTP/1.1" 200 2618
DEBUG 2026-05-16 20:05:19,593 request_local process_view: request.user=AnonymousUser, is_authenticated=False
DEBUG 2026-05-16 20:05:19,593 request_local process_view: drf_user=None
DEBUG 2026-05-16 20:05:19,593 middleware process_view: fallback to Django user=AnonymousUser
INFO 2026-05-16 20:05:19,603 basehttp "GET /api/v1/dispatch/cross-tenant-judgments/ HTTP/1.1" 200 2
DEBUG 2026-05-16 20:05:22,515 request_local process_view: request.user=AnonymousUser, is_authenticated=False
DEBUG 2026-05-16 20:05:22,515 request_local process_view: drf_user=None
DEBUG 2026-05-16 20:05:22,515 middleware process_view: fallback to Django user=AnonymousUser
INFO 2026-05-16 20:05:22,534 basehttp "GET /api/v1/karma/stats/overview/ HTTP/1.1" 200 2618
DEBUG 2026-05-16 20:05:22,537 request_local process_view: request.user=AnonymousUser, is_authenticated=False
DEBUG 2026-05-16 20:05:22,537 request_local process_view: drf_user=None
DEBUG 2026-05-16 20:05:22,538 middleware process_view: fallback to Django user=AnonymousUser
INFO 2026-05-16 20:05:22,556 basehttp "GET /api/v1/karma/stats/overview/ HTTP/1.1" 200 2618
DEBUG 2026-05-16 20:05:28,644 request_local process_view: request.user=AnonymousUser, is_authenticated=False
DEBUG 2026-05-16 20:05:28,644 request_local process_view: drf_user=None
DEBUG 2026-05-16 20:05:28,644 middleware process_view: fallback to Django user=AnonymousUser
DEBUG 2026-05-16 20:05:28,652 request_local process_view: request.user=AnonymousUser, is_authenticated=False
DEBUG 2026-05-16 20:05:28,654 request_local process_view: drf_user=None
DEBUG 2026-05-16 20:05:28,653 request_local process_view: request.user=AnonymousUser, is_authenticated=False
DEBUG 2026-05-16 20:05:28,654 middleware process_view: fallback to Django user=AnonymousUser
DEBUG 2026-05-16 20:05:28,654 request_local process_view: drf_user=None
DEBUG 2026-05-16 20:05:28,659 middleware process_view: fallback to Django user=AnonymousUser
INFO 2026-05-16 20:05:28,680 basehttp "GET /api/v1/notifications/?is_read=false HTTP/1.1" 200 2
INFO 2026-05-16 20:05:28,685 basehttp "GET /api/v1/karma/stats/overview/ HTTP/1.1" 200 2618
DEBUG 2026-05-16 20:05:28,690 request_local process_view: request.user=AnonymousUser, is_authenticated=False
DEBUG 2026-05-16 20:05:28,690 request_local process_view: drf_user=None
DEBUG 2026-05-16 20:05:28,690 middleware process_view: fallback to Django user=AnonymousUser
INFO 2026-05-16 20:05:28,718 basehttp "GET /api/v1/menus/all/ HTTP/1.1" 200 2775
INFO 2026-05-16 20:05:28,718 basehttp "GET /api/v1/karma/stats/overview/ HTTP/1.1" 200 2618
DEBUG 2026-05-16 20:07:57,064 request_local process_view: request.user=AnonymousUser, is_authenticated=False
DEBUG 2026-05-16 20:07:57,065 request_local process_view: drf_user=None
DEBUG 2026-05-16 20:07:57,065 middleware process_view: fallback to Django user=AnonymousUser
DEBUG 2026-05-16 20:07:57,078 request_local process_view: request.user=AnonymousUser, is_authenticated=False
DEBUG 2026-05-16 20:07:57,080 request_local process_view: drf_user=None
DEBUG 2026-05-16 20:07:57,080 request_local process_view: request.user=AnonymousUser, is_authenticated=False
DEBUG 2026-05-16 20:07:57,082 middleware process_view: fallback to Django user=AnonymousUser
DEBUG 2026-05-16 20:07:57,087 request_local process_view: drf_user=None
DEBUG 2026-05-16 20:07:57,089 middleware process_view: fallback to Django user=AnonymousUser
INFO 2026-05-16 20:07:57,122 basehttp "GET /api/v1/notifications/?is_read=false HTTP/1.1" 200 2
INFO 2026-05-16 20:07:57,138 basehttp "GET /api/v1/karma/stats/overview/ HTTP/1.1" 200 2618
DEBUG 2026-05-16 20:07:57,147 request_local process_view: request.user=AnonymousUser, is_authenticated=False
DEBUG 2026-05-16 20:07:57,147 request_local process_view: drf_user=None
DEBUG 2026-05-16 20:07:57,147 middleware process_view: fallback to Django user=AnonymousUser
INFO 2026-05-16 20:07:57,193 basehttp "GET /api/v1/karma/stats/overview/ HTTP/1.1" 200 2618
INFO 2026-05-16 20:07:57,193 basehttp "GET /api/v1/menus/all/ HTTP/1.1" 200 2775
DEBUG 2026-05-16 20:10:29,150 request_local process_view: request.user=AnonymousUser, is_authenticated=False
DEBUG 2026-05-16 20:10:29,150 request_local process_view: drf_user=None
DEBUG 2026-05-16 20:10:29,151 middleware process_view: fallback to Django user=AnonymousUser
DEBUG 2026-05-16 20:10:29,163 request_local process_view: request.user=AnonymousUser, is_authenticated=False
DEBUG 2026-05-16 20:10:29,163 request_local process_view: drf_user=None
DEBUG 2026-05-16 20:10:29,164 middleware process_view: fallback to Django user=AnonymousUser
INFO 2026-05-16 20:10:29,173 basehttp "GET /api/v1/perm/role-permissions/?role=ADMIN HTTP/1.1" 200 2208
DEBUG 2026-05-16 20:10:29,173 request_local process_view: request.user=AnonymousUser, is_authenticated=False
INFO 2026-05-16 20:10:29,176 basehttp "GET /api/v1/perm/permissions/ HTTP/1.1" 200 1800
DEBUG 2026-05-16 20:10:29,176 request_local process_view: drf_user=None
DEBUG 2026-05-16 20:10:29,179 middleware process_view: fallback to Django user=AnonymousUser
INFO 2026-05-16 20:10:29,187 basehttp "GET /api/v1/perm/roles/ HTTP/1.1" 200 445
DEBUG 2026-05-16 20:14:49,661 request_local process_view: request.user=AnonymousUser, is_authenticated=False
DEBUG 2026-05-16 20:14:49,662 request_local process_view: drf_user=None
DEBUG 2026-05-16 20:14:49,662 middleware process_view: fallback to Django user=AnonymousUser
INFO 2026-05-16 20:14:49,677 basehttp "GET /api/v1/perm/permissions/ HTTP/1.1" 200 1800
DEBUG 2026-05-16 20:14:49,683 request_local process_view: request.user=AnonymousUser, is_authenticated=False
DEBUG 2026-05-16 20:14:49,683 request_local process_view: drf_user=None
DEBUG 2026-05-16 20:14:49,684 request_local process_view: request.user=AnonymousUser, is_authenticated=False
DEBUG 2026-05-16 20:14:49,684 middleware process_view: fallback to Django user=AnonymousUser
DEBUG 2026-05-16 20:14:49,684 request_local process_view: drf_user=None
DEBUG 2026-05-16 20:14:49,687 middleware process_view: fallback to Django user=AnonymousUser
DEBUG 2026-05-16 20:14:49,695 request_local process_view: request.user=AnonymousUser, is_authenticated=False
DEBUG 2026-05-16 20:14:49,695 request_local process_view: drf_user=None
DEBUG 2026-05-16 20:14:49,695 middleware process_view: fallback to Django user=AnonymousUser
DEBUG 2026-05-16 20:14:49,697 request_local process_view: request.user=AnonymousUser, is_authenticated=False
DEBUG 2026-05-16 20:14:49,697 request_local process_view: drf_user=None
DEBUG 2026-05-16 20:14:49,698 middleware process_view: fallback to Django user=AnonymousUser
INFO 2026-05-16 20:14:49,709 basehttp "GET /api/v1/perm/roles/ HTTP/1.1" 200 445
INFO 2026-05-16 20:14:49,709 basehttp "GET /api/v1/notifications/?is_read=false HTTP/1.1" 200 2
INFO 2026-05-16 20:14:49,727 basehttp "GET /api/v1/perm/role-permissions/?role=ADMIN HTTP/1.1" 200 2208
INFO 2026-05-16 20:14:49,784 basehttp "GET /api/v1/menus/all/ HTTP/1.1" 200 2775
DEBUG 2026-05-16 20:16:54,157 request_local process_view: request.user=AnonymousUser, is_authenticated=False
DEBUG 2026-05-16 20:16:54,158 request_local process_view: request.user=AnonymousUser, is_authenticated=False
DEBUG 2026-05-16 20:16:54,158 request_local process_view: drf_user=None
DEBUG 2026-05-16 20:16:54,158 request_local process_view: request.user=AnonymousUser, is_authenticated=False
DEBUG 2026-05-16 20:16:54,158 request_local process_view: drf_user=None
DEBUG 2026-05-16 20:16:54,159 middleware process_view: fallback to Django user=AnonymousUser
DEBUG 2026-05-16 20:16:54,159 middleware process_view: fallback to Django user=AnonymousUser
DEBUG 2026-05-16 20:16:54,159 request_local process_view: drf_user=None
DEBUG 2026-05-16 20:16:54,167 middleware process_view: fallback to Django user=AnonymousUser
INFO 2026-05-16 20:16:54,173 basehttp "GET /api/v1/perm/permissions/ HTTP/1.1" 200 1800
INFO 2026-05-16 20:16:54,175 basehttp "GET /api/v1/perm/role-permissions/?role=ADMIN HTTP/1.1" 200 2208
INFO 2026-05-16 20:16:54,178 basehttp "GET /api/v1/perm/roles/ HTTP/1.1" 200 445
