
> soul-ledger-frontend@0.1.0 dev
> next dev

  ▲ Next.js 14.2.5
  - Local:        http://localhost:3333
  - Environments: .env.local

 ✓ Starting...
 ✓ Ready in 1634ms
 ○ Compiling /login ...
 ✓ Compiled /login in 1670ms (693 modules)
 GET /login 200 in 2247ms
 GET /login 200 in 67ms
 GET /login 200 in 25ms
 GET /login 200 in 26ms
 ○ Compiling /souls ...
 ✓ Compiled /souls in 750ms (699 modules)
 ✓ Compiled in 1396ms (713 modules)
 ✓ Compiled in 473ms (719 modules)
 ⚠ Fast Refresh had to perform a full reload due to a runtime error.
 GET /souls 200 in 292ms
 ✓ Compiled in 483ms (719 modules)
 ✓ Compiled in 731ms (719 modules)
 ✓ Compiled in 314ms (719 modules)
 ⚠ Fast Refresh had to perform a full reload. Read more: https://nextjs.org/docs/messages/fast-refresh-reload
 ✓ Compiled in 343ms (721 modules)
 GET /souls 200 in 351ms
 ✓ Compiled in 646ms (721 modules)
 ✓ Compiled in 295ms (721 modules)
 ✓ Compiled in 263ms (721 modules)
 ✓ Compiled in 269ms (721 modules)
